2023-08-22T06:50:14.834497+00:00 INFO 'ansible_navigator.setup_logger' New ansible-navigator instance, logging initialized
2023-08-22T06:50:14.834703+00:00 INFO 'ansible_navigator.setup_logger' New ansible-runner instance, logging initialized
2023-08-22T06:50:14.834731+00:00 DEBUG 'ansible_navigator.main' Jinja2==3.1.2 
2023-08-22T06:50:14.834750+00:00 DEBUG 'ansible_navigator.main' MarkupSafe==2.1.1 
2023-08-22T06:50:14.834767+00:00 DEBUG 'ansible_navigator.main' Parsley==1.3 
2023-08-22T06:50:14.834782+00:00 DEBUG 'ansible_navigator.main' PyYAML==6.0 
2023-08-22T06:50:14.834798+00:00 DEBUG 'ansible_navigator.main' Pygments==2.12.0 
2023-08-22T06:50:14.834813+00:00 DEBUG 'ansible_navigator.main' ansible-builder==3.0.0 
2023-08-22T06:50:14.834828+00:00 DEBUG 'ansible_navigator.main' ansible-compat==4.1.5 
2023-08-22T06:50:14.834843+00:00 DEBUG 'ansible_navigator.main' ansible-core==2.15.3 
2023-08-22T06:50:14.834858+00:00 DEBUG 'ansible_navigator.main' ansible-lint==6.17.2 
2023-08-22T06:50:14.834872+00:00 DEBUG 'ansible_navigator.main' ansible-navigator==3.4.2 
2023-08-22T06:50:14.834887+00:00 DEBUG 'ansible_navigator.main' ansible-runner==2.3.3 
2023-08-22T06:50:14.834902+00:00 DEBUG 'ansible_navigator.main' ansible==8.3.0 /home/ansible/tools/ansible/.pyv/lib/python3.10/site-packages/ansible/__init__.py
2023-08-22T06:50:14.834917+00:00 DEBUG 'ansible_navigator.main' astroid==2.11.6 /home/ansible/tools/ansible/.pyv/lib/python3.10/site-packages/astroid/__init__.py
2023-08-22T06:50:14.834932+00:00 DEBUG 'ansible_navigator.main' bindep==2.11.0 /home/ansible/tools/ansible/.pyv/lib/python3.10/site-packages/bindep/__init__.py
2023-08-22T06:50:14.834947+00:00 DEBUG 'ansible_navigator.main' certifi==2023.7.22 /home/ansible/tools/ansible/.pyv/lib/python3.10/site-packages/certifi/__init__.py
2023-08-22T06:50:14.834962+00:00 DEBUG 'ansible_navigator.main' cffi==1.15.1 /home/ansible/tools/ansible/.pyv/lib/python3.10/site-packages/cffi/__init__.py
2023-08-22T06:50:14.834977+00:00 DEBUG 'ansible_navigator.main' cfgv==3.3.1 /home/ansible/tools/ansible/.pyv/lib/python3.10/site-packages/cfgv.py
2023-08-22T06:50:14.834992+00:00 DEBUG 'ansible_navigator.main' charset-normalizer==3.2.0 
2023-08-22T06:50:14.835007+00:00 DEBUG 'ansible_navigator.main' click==8.1.6 /home/ansible/tools/ansible/.pyv/lib/python3.10/site-packages/click/__init__.py
2023-08-22T06:50:14.835021+00:00 DEBUG 'ansible_navigator.main' commonmark==0.9.1 /home/ansible/tools/ansible/.pyv/lib/python3.10/site-packages/commonmark/__init__.py
2023-08-22T06:50:14.835037+00:00 DEBUG 'ansible_navigator.main' cryptography==37.0.2 /home/ansible/tools/ansible/.pyv/lib/python3.10/site-packages/cryptography/__init__.py
2023-08-22T06:50:14.835051+00:00 DEBUG 'ansible_navigator.main' dill==0.3.5.1 /home/ansible/tools/ansible/.pyv/lib/python3.10/site-packages/dill/__init__.py
2023-08-22T06:50:14.835069+00:00 DEBUG 'ansible_navigator.main' distro==1.8.0 /home/ansible/tools/ansible/.pyv/lib/python3.10/site-packages/distro/__init__.py
2023-08-22T06:50:14.835086+00:00 DEBUG 'ansible_navigator.main' docutils==0.20.1 /home/ansible/tools/ansible/.pyv/lib/python3.10/site-packages/docutils/__init__.py
2023-08-22T06:50:14.835101+00:00 DEBUG 'ansible_navigator.main' enrich==1.2.7 /home/ansible/tools/ansible/.pyv/lib/python3.10/site-packages/enrich/__init__.py
2023-08-22T06:50:14.835115+00:00 DEBUG 'ansible_navigator.main' filelock==3.7.1 /home/ansible/tools/ansible/.pyv/lib/python3.10/site-packages/filelock/__init__.py
2023-08-22T06:50:14.835129+00:00 DEBUG 'ansible_navigator.main' flake8==4.0.1 /home/ansible/tools/ansible/.pyv/lib/python3.10/site-packages/flake8/__init__.py
2023-08-22T06:50:14.835145+00:00 DEBUG 'ansible_navigator.main' identify==2.5.1 /home/ansible/tools/ansible/.pyv/lib/python3.10/site-packages/identify/__init__.py
2023-08-22T06:50:14.835159+00:00 DEBUG 'ansible_navigator.main' iniconfig==1.1.1 /home/ansible/tools/ansible/.pyv/lib/python3.10/site-packages/iniconfig/__init__.py
2023-08-22T06:50:14.835174+00:00 DEBUG 'ansible_navigator.main' lazy-object-proxy==1.7.1 
2023-08-22T06:50:14.835188+00:00 DEBUG 'ansible_navigator.main' lockfile==0.12.2 /home/ansible/tools/ansible/.pyv/lib/python3.10/site-packages/lockfile/__init__.py
2023-08-22T06:50:14.835207+00:00 DEBUG 'ansible_navigator.main' mccabe==0.6.1 /home/ansible/tools/ansible/.pyv/lib/python3.10/site-packages/mccabe.py
2023-08-22T06:50:14.835222+00:00 DEBUG 'ansible_navigator.main' mypy-extensions==1.0.0 
2023-08-22T06:50:14.835237+00:00 DEBUG 'ansible_navigator.main' nodeenv==1.7.0 /home/ansible/tools/ansible/.pyv/lib/python3.10/site-packages/nodeenv.py
2023-08-22T06:50:14.835252+00:00 DEBUG 'ansible_navigator.main' onigurumacffi==1.2.0 /home/ansible/tools/ansible/.pyv/lib/python3.10/site-packages/onigurumacffi.py
2023-08-22T06:50:14.835266+00:00 DEBUG 'ansible_navigator.main' pbr==5.11.1 /home/ansible/tools/ansible/.pyv/lib/python3.10/site-packages/pbr/__init__.py
2023-08-22T06:50:14.835281+00:00 DEBUG 'ansible_navigator.main' pexpect==4.8.0 /home/ansible/tools/ansible/.pyv/lib/python3.10/site-packages/pexpect/__init__.py
2023-08-22T06:50:14.835295+00:00 DEBUG 'ansible_navigator.main' pip==23.2.1 /home/ansible/tools/ansible/.pyv/lib/python3.10/site-packages/pip/__init__.py
2023-08-22T06:50:14.835310+00:00 DEBUG 'ansible_navigator.main' pluggy==1.0.0 /home/ansible/tools/ansible/.pyv/lib/python3.10/site-packages/pluggy/__init__.py
2023-08-22T06:50:14.835325+00:00 DEBUG 'ansible_navigator.main' pre-commit==2.19.0 
2023-08-22T06:50:14.835340+00:00 DEBUG 'ansible_navigator.main' py==1.11.0 /home/ansible/tools/ansible/.pyv/lib/python3.10/site-packages/py/__init__.py
2023-08-22T06:50:14.835354+00:00 DEBUG 'ansible_navigator.main' pycodestyle==2.8.0 /home/ansible/tools/ansible/.pyv/lib/python3.10/site-packages/pycodestyle.py
2023-08-22T06:50:14.835368+00:00 DEBUG 'ansible_navigator.main' pycparser==2.21 /home/ansible/tools/ansible/.pyv/lib/python3.10/site-packages/pycparser/__init__.py
2023-08-22T06:50:14.835383+00:00 DEBUG 'ansible_navigator.main' pyflakes==2.4.0 /home/ansible/tools/ansible/.pyv/lib/python3.10/site-packages/pyflakes/__init__.py
2023-08-22T06:50:14.835397+00:00 DEBUG 'ansible_navigator.main' pylint==2.14.4 /home/ansible/tools/ansible/.pyv/lib/python3.10/site-packages/pylint/__init__.py
2023-08-22T06:50:14.835412+00:00 DEBUG 'ansible_navigator.main' pyrsistent==0.18.1 /home/ansible/tools/ansible/.pyv/lib/python3.10/site-packages/pyrsistent/__init__.py
2023-08-22T06:50:14.835426+00:00 DEBUG 'ansible_navigator.main' pytest==7.1.2 /home/ansible/tools/ansible/.pyv/lib/python3.10/site-packages/pytest/__init__.py
2023-08-22T06:50:14.835441+00:00 DEBUG 'ansible_navigator.main' python-daemon==3.0.1 
2023-08-22T06:50:14.835456+00:00 DEBUG 'ansible_navigator.main' requests==2.31.0 /home/ansible/tools/ansible/.pyv/lib/python3.10/site-packages/requests/__init__.py
2023-08-22T06:50:14.835471+00:00 DEBUG 'ansible_navigator.main' resolvelib==0.8.1 /home/ansible/tools/ansible/.pyv/lib/python3.10/site-packages/resolvelib/__init__.py
2023-08-22T06:50:14.835485+00:00 DEBUG 'ansible_navigator.main' ruamel.yaml.clib==0.2.6 
2023-08-22T06:50:14.835500+00:00 DEBUG 'ansible_navigator.main' ruamel.yaml==0.17.21 /home/ansible/tools/ansible/.pyv/lib/python3.10/site-packages/ruamel/yaml/__init__.py
2023-08-22T06:50:14.835515+00:00 DEBUG 'ansible_navigator.main' setuptools==68.0.0 /home/ansible/tools/ansible/.pyv/lib/python3.10/site-packages/setuptools/__init__.py
2023-08-22T06:50:14.835529+00:00 DEBUG 'ansible_navigator.main' six==1.16.0 /home/ansible/tools/ansible/.pyv/lib/python3.10/site-packages/six.py
2023-08-22T06:50:14.835544+00:00 DEBUG 'ansible_navigator.main' subprocess-tee==0.4.1 
2023-08-22T06:50:14.835558+00:00 DEBUG 'ansible_navigator.main' toml==0.10.2 /home/ansible/tools/ansible/.pyv/lib/python3.10/site-packages/toml/__init__.py
2023-08-22T06:50:14.835572+00:00 DEBUG 'ansible_navigator.main' tox==3.25.1 /home/ansible/tools/ansible/.pyv/lib/python3.10/site-packages/tox/__init__.py
2023-08-22T06:50:14.835589+00:00 DEBUG 'ansible_navigator.main' types-setuptools==68.0.0.3 
2023-08-22T06:50:14.835606+00:00 DEBUG 'ansible_navigator.main' tzdata==2023.3 /home/ansible/tools/ansible/.pyv/lib/python3.10/site-packages/tzdata/__init__.py
2023-08-22T06:50:14.835627+00:00 DEBUG 'ansible_navigator.main' virtualenv==20.15.1 /home/ansible/tools/ansible/.pyv/lib/python3.10/site-packages/virtualenv/__init__.py
2023-08-22T06:50:14.835644+00:00 DEBUG 'ansible_navigator.main' wrapt==1.14.1 /home/ansible/tools/ansible/.pyv/lib/python3.10/site-packages/wrapt/__init__.py
2023-08-22T06:50:14.835659+00:00 DEBUG 'ansible_navigator.main' yamllint==1.32.0 /home/ansible/tools/ansible/.pyv/lib/python3.10/site-packages/yamllint/__init__.py
2023-08-22T06:50:14.835673+00:00 DEBUG 'ansible_navigator.main' Default collection_doc_cache_path set to: /home/ansible/.cache/ansible-navigator/collection_doc_cache.db
2023-08-22T06:50:14.835688+00:00 DEBUG 'ansible_navigator.main' EDITOR environment variable not set
2023-08-22T06:50:14.835703+00:00 DEBUG 'ansible_navigator.main' Default editor_command set to: vi +{line_number} {filename}
2023-08-22T06:50:14.835718+00:00 DEBUG 'ansible_navigator.main' No config file set by ANSIBLE_NAVIGATOR_CONFIG
2023-08-22T06:50:14.835733+00:00 DEBUG 'ansible_navigator.main' Looking in /home/ansible
2023-08-22T06:50:14.835748+00:00 DEBUG 'ansible_navigator.main' Looking for '/home/ansible/.ansible-navigator.yml', '/home/ansible/.ansible-navigator.yaml' and '/home/ansible/.ansible-navigator.json'
2023-08-22T06:50:14.835763+00:00 DEBUG 'ansible_navigator.main' Found 0: 
2023-08-22T06:50:14.835777+00:00 DEBUG 'ansible_navigator.main' Looking in /home/ansible/tools/ansible/ansible-standard
2023-08-22T06:50:14.835792+00:00 DEBUG 'ansible_navigator.main' Looking for '/home/ansible/tools/ansible/ansible-standard/ansible-navigator.yml', '/home/ansible/tools/ansible/ansible-standard/ansible-navigator.yaml' and '/home/ansible/tools/ansible/ansible-standard/ansible-navigator.json'
2023-08-22T06:50:14.835807+00:00 DEBUG 'ansible_navigator.main' Found 1: '/home/ansible/tools/ansible/ansible-standard/ansible-navigator.yml'
2023-08-22T06:50:14.835822+00:00 DEBUG 'ansible_navigator.main' All found 1: '/home/ansible/tools/ansible/ansible-standard/ansible-navigator.yml'
2023-08-22T06:50:14.835837+00:00 DEBUG 'ansible_navigator.main' Using: /home/ansible/tools/ansible/ansible-standard/ansible-navigator.yml
2023-08-22T06:50:14.835851+00:00 DEBUG 'ansible_navigator.main' Using settings file at /home/ansible/tools/ansible/ansible-standard/ansible-navigator.yml in search path
2023-08-22T06:50:14.835865+00:00 DEBUG 'ansible_navigator.main' Command provided: 'run p_configure_linux.yml'
2023-08-22T06:50:14.835880+00:00 DEBUG 'ansible_navigator.main' ansible-navigator.ansible-runner.artifact-dir not found in settings file
2023-08-22T06:50:14.835895+00:00 DEBUG 'ansible_navigator.main' ansible-navigator.ansible-runner.rotate-artifacts-count not found in settings file
2023-08-22T06:50:14.835909+00:00 DEBUG 'ansible_navigator.main' ansible-navigator.ansible-runner.timeout not found in settings file
2023-08-22T06:50:14.835924+00:00 DEBUG 'ansible_navigator.main' ansible-navigator.ansible-runner.job-events not found in settings file
2023-08-22T06:50:14.835938+00:00 DEBUG 'ansible_navigator.main' ansible-navigator.app not found in settings file
2023-08-22T06:50:14.835953+00:00 DEBUG 'ansible_navigator.main' ansible-navigator.collection-doc-cache-path not found in settings file
2023-08-22T06:50:14.835968+00:00 DEBUG 'ansible_navigator.main' ansible-navigator.execution-environment.container-engine not found in settings file
2023-08-22T06:50:14.835982+00:00 DEBUG 'ansible_navigator.main' ansible-navigator.execution-environment.container-options not found in settings file
2023-08-22T06:50:14.835997+00:00 DEBUG 'ansible_navigator.main' ansible-navigator.editor.command not found in settings file
2023-08-22T06:50:14.836011+00:00 DEBUG 'ansible_navigator.main' ansible-navigator.editor.console not found in settings file
2023-08-22T06:50:14.836026+00:00 DEBUG 'ansible_navigator.main' ansible-navigator.enable-prompts not found in settings file
2023-08-22T06:50:14.836041+00:00 DEBUG 'ansible_navigator.main' ansible-navigator.exec.command not found in settings file
2023-08-22T06:50:14.836059+00:00 DEBUG 'ansible_navigator.main' ansible-navigator.exec.shell not found in settings file
2023-08-22T06:50:14.836074+00:00 DEBUG 'ansible_navigator.main' ansible-navigator.execution-environment.volume-mounts not found in settings file
2023-08-22T06:50:14.836089+00:00 DEBUG 'ansible_navigator.main' ansible-navigator.format not found in settings file
2023-08-22T06:50:14.836106+00:00 DEBUG 'ansible_navigator.main' ansible-navigator.ansible-builder.help not found in settings file
2023-08-22T06:50:14.836121+00:00 DEBUG 'ansible_navigator.main' ansible-navigator.ansible.config.help not found in settings file
2023-08-22T06:50:14.836136+00:00 DEBUG 'ansible_navigator.main' ansible-navigator.ansible.doc.help not found in settings file
2023-08-22T06:50:14.836151+00:00 DEBUG 'ansible_navigator.main' ansible-navigator.ansible.inventory.help not found in settings file
2023-08-22T06:50:14.836166+00:00 DEBUG 'ansible_navigator.main' ansible-navigator.ansible.playbook.help not found in settings file
2023-08-22T06:50:14.836180+00:00 DEBUG 'ansible_navigator.main' ansible-navigator.images.details not found in settings file
2023-08-22T06:50:14.836195+00:00 DEBUG 'ansible_navigator.main' ansible-navigator.ansible.inventory.entries not found in settings file
2023-08-22T06:50:14.836210+00:00 DEBUG 'ansible_navigator.main' ansible-navigator.inventory-columns not found in settings file
2023-08-22T06:50:14.836225+00:00 DEBUG 'ansible_navigator.main' ansible-navigator.ansible-lint.config not found in settings file
2023-08-22T06:50:14.836240+00:00 DEBUG 'ansible_navigator.main' ansible-navigator.ansible-lint.lintables not found in settings file
2023-08-22T06:50:14.836254+00:00 DEBUG 'ansible_navigator.main' ansible-navigator.mode not found in settings file
2023-08-22T06:50:14.836269+00:00 DEBUG 'ansible_navigator.main' ansible-navigator.execution-environment.environment-variables.pass not found in settings file
2023-08-22T06:50:14.836283+00:00 DEBUG 'ansible_navigator.main' ansible-navigator.ansible.playbook.path not found in settings file
2023-08-22T06:50:14.836298+00:00 DEBUG 'ansible_navigator.main' ansible-navigator.playbook-artifact.enable not found in settings file
2023-08-22T06:50:14.836312+00:00 DEBUG 'ansible_navigator.main' ansible-navigator.playbook-artifact.replay not found in settings file
2023-08-22T06:50:14.836327+00:00 DEBUG 'ansible_navigator.main' ansible-navigator.ansible.doc.plugin.name not found in settings file
2023-08-22T06:50:14.836341+00:00 DEBUG 'ansible_navigator.main' ansible-navigator.ansible.doc.plugin.type not found in settings file
2023-08-22T06:50:14.836356+00:00 DEBUG 'ansible_navigator.main' ansible-navigator.execution-environment.pull.arguments not found in settings file
2023-08-22T06:50:14.836370+00:00 DEBUG 'ansible_navigator.main' ansible-navigator.execution-environment.pull.policy not found in settings file
2023-08-22T06:50:14.836385+00:00 DEBUG 'ansible_navigator.main' ansible-navigator.execution-environment.environment-variables.set not found in settings file
2023-08-22T06:50:14.836399+00:00 DEBUG 'ansible_navigator.main' ansible-navigator.settings.effective not found in settings file
2023-08-22T06:50:14.836413+00:00 DEBUG 'ansible_navigator.main' ansible-navigator.settings.sample not found in settings file
2023-08-22T06:50:14.836428+00:00 DEBUG 'ansible_navigator.main' ansible-navigator.settings.schema not found in settings file
2023-08-22T06:50:14.836442+00:00 DEBUG 'ansible_navigator.main' ansible-navigator.settings.sources not found in settings file
2023-08-22T06:50:14.836457+00:00 DEBUG 'ansible_navigator.main' ansible-navigator.time-zone not found in settings file
2023-08-22T06:50:14.836472+00:00 DEBUG 'ansible_navigator.main' ansible-navigator.ansible-builder.workdir not found in settings file
2023-08-22T06:50:14.836486+00:00 DEBUG 'ansible_navigator.main' EE support enabled: using current working directory for 'ansible.cfg'
2023-08-22T06:50:14.836500+00:00 INFO 'ansible_navigator.main' EE support enabled: found 'ansible.cfg' in current working directory.
2023-08-22T06:50:14.836518+00:00 DEBUG 'ansible_navigator.main' Completed post processing for ansible_runner_artifact_dir. (changed=False)
2023-08-22T06:50:14.836533+00:00 DEBUG 'ansible_navigator.main' Completed post processing for ansible_runner_rotate_artifacts_count. (changed=False)
2023-08-22T06:50:14.836548+00:00 DEBUG 'ansible_navigator.main' Completed post processing for ansible_runner_timeout. (changed=False)
2023-08-22T06:50:14.836562+00:00 DEBUG 'ansible_navigator.main' Completed post processing for cmdline. (changed=True)
2023-08-22T06:50:14.836577+00:00 DEBUG 'ansible_navigator.main'  before: '--forks 20 -u ansible'
2023-08-22T06:50:14.836591+00:00 DEBUG 'ansible_navigator.main'  after: '['--forks', '20', '-u', 'ansible']'
2023-08-22T06:50:14.836606+00:00 DEBUG 'ansible_navigator.main' Completed post processing for collection_doc_cache_path. (changed=False)
2023-08-22T06:50:14.836623+00:00 DEBUG 'ansible_navigator.main' Completed post processing for container_engine. (changed=True)
2023-08-22T06:50:14.836641+00:00 DEBUG 'ansible_navigator.main'  before: 'auto'
2023-08-22T06:50:14.836656+00:00 DEBUG 'ansible_navigator.main'  after: 'docker'
2023-08-22T06:50:14.836671+00:00 DEBUG 'ansible_navigator.main' Completed post processing for container_options. (changed=False)
2023-08-22T06:50:14.836685+00:00 DEBUG 'ansible_navigator.main' Completed post processing for display_color. (changed=False)
2023-08-22T06:50:14.836700+00:00 DEBUG 'ansible_navigator.main' Completed post processing for enable_prompts. (changed=False)
2023-08-22T06:50:14.836715+00:00 DEBUG 'ansible_navigator.main' Completed post processing for execution_environment. (changed=False)
2023-08-22T06:50:14.836729+00:00 DEBUG 'ansible_navigator.main' Completed post processing for execution_environment_image. (changed=False)
2023-08-22T06:50:14.836743+00:00 DEBUG 'ansible_navigator.main' Completed post processing for help_builder. (changed=False)
2023-08-22T06:50:14.836758+00:00 DEBUG 'ansible_navigator.main' Completed post processing for help_config. (changed=False)
2023-08-22T06:50:14.836772+00:00 DEBUG 'ansible_navigator.main' Completed post processing for help_doc. (changed=False)
2023-08-22T06:50:14.836787+00:00 DEBUG 'ansible_navigator.main' Completed post processing for help_inventory. (changed=False)
2023-08-22T06:50:14.836802+00:00 DEBUG 'ansible_navigator.main' Completed post processing for help_playbook. (changed=False)
2023-08-22T06:50:14.836816+00:00 DEBUG 'ansible_navigator.main' Completed post processing for images_details. (changed=False)
2023-08-22T06:50:14.836830+00:00 DEBUG 'ansible_navigator.main' Completed post processing for inventory. (changed=True)
2023-08-22T06:50:14.836845+00:00 DEBUG 'ansible_navigator.main'  before: 'Not set'
2023-08-22T06:50:14.836859+00:00 DEBUG 'ansible_navigator.main'  after: '['/home/ansible/tools/ansible/ansible-standard/inventories/hosts']'
2023-08-22T06:50:14.836874+00:00 DEBUG 'ansible_navigator.main' Completed post processing for inventory_column. (changed=False)
2023-08-22T06:50:14.836888+00:00 DEBUG 'ansible_navigator.main' Completed post processing for log_file. (changed=True)
2023-08-22T06:50:14.836903+00:00 DEBUG 'ansible_navigator.main'  before: 'log/ansible-navigator-log.txt'
2023-08-22T06:50:14.836917+00:00 DEBUG 'ansible_navigator.main'  after: '/home/ansible/tools/ansible/ansible-standard/log/ansible-navigator-log.txt'
2023-08-22T06:50:14.836931+00:00 DEBUG 'ansible_navigator.main' Completed post processing for pass_environment_variable. (changed=False)
2023-08-22T06:50:14.836946+00:00 DEBUG 'ansible_navigator.main' Completed post processing for playbook. (changed=True)
2023-08-22T06:50:14.836961+00:00 DEBUG 'ansible_navigator.main'  before: 'p_configure_linux.yml'
2023-08-22T06:50:14.836975+00:00 DEBUG 'ansible_navigator.main'  after: '/home/ansible/tools/ansible/ansible-standard/p_configure_linux.yml'
2023-08-22T06:50:14.836989+00:00 DEBUG 'ansible_navigator.main' Completed post processing for playbook_artifact_replay. (changed=False)
2023-08-22T06:50:14.837004+00:00 DEBUG 'ansible_navigator.main' Completed post processing for playbook_artifact_save_as. (changed=False)
2023-08-22T06:50:14.837022+00:00 DEBUG 'ansible_navigator.main' Completed post processing for plugin_name. (changed=False)
2023-08-22T06:50:14.837037+00:00 DEBUG 'ansible_navigator.main' Completed post processing for pull_arguments. (changed=False)
2023-08-22T06:50:14.837052+00:00 DEBUG 'ansible_navigator.main' Completed post processing for set_environment_variable. (changed=False)
2023-08-22T06:50:14.837066+00:00 DEBUG 'ansible_navigator.main' Completed post processing for settings_effective. (changed=False)
2023-08-22T06:50:14.837080+00:00 DEBUG 'ansible_navigator.main' Completed post processing for settings_sample. (changed=False)
2023-08-22T06:50:14.837095+00:00 DEBUG 'ansible_navigator.main' Completed post processing for settings_schema. (changed=False)
2023-08-22T06:50:14.837110+00:00 DEBUG 'ansible_navigator.main' Completed post processing for settings_sources. (changed=False)
2023-08-22T06:50:14.837125+00:00 DEBUG 'ansible_navigator.main' Completed post processing for time_zone. (changed=False)
2023-08-22T06:50:14.837142+00:00 DEBUG 'ansible_navigator.main' Completed post processing for execution_environment_volume_mounts. (changed=False)
2023-08-22T06:50:14.837157+00:00 DEBUG 'ansible_navigator.main' Completed post processing for mode. (changed=False)
2023-08-22T06:50:14.837172+00:00 DEBUG 'ansible_navigator.main' Completed post processing for playbook_artifact_enable. (changed=False)
2023-08-22T06:50:14.837188+00:00 WARNING 'ansible_navigator.main' Configuration errors encountered, rolling back to previous configuration.
2023-08-22T06:50:14.837203+00:00 DEBUG 'ansible_navigator.main' Prior to rollback: ansible_runner_artifact_dir = 'Not set' (Constants/Not set)
2023-08-22T06:50:14.837218+00:00 DEBUG 'ansible_navigator.main' Prior to rollback: ansible_runner_rotate_artifacts_count = 'Not set' (Constants/Not set)
2023-08-22T06:50:14.837233+00:00 DEBUG 'ansible_navigator.main' Prior to rollback: ansible_runner_timeout = 'Not set' (Constants/Not set)
2023-08-22T06:50:14.837247+00:00 DEBUG 'ansible_navigator.main' Prior to rollback: ansible_runner_write_job_events = 'False' (bool/Defaults)
2023-08-22T06:50:14.837262+00:00 DEBUG 'ansible_navigator.main' Prior to rollback: app = 'run' (str/Command line)
2023-08-22T06:50:14.837277+00:00 DEBUG 'ansible_navigator.main' Prior to rollback: cmdline = '['--forks', '20', '-u', 'ansible']' (list/Settings file)
2023-08-22T06:50:14.837291+00:00 DEBUG 'ansible_navigator.main' Prior to rollback: collection_doc_cache_path = '/home/ansible/.cache/ansible-navigator/collection_doc_cache.db' (str/Defaults)
2023-08-22T06:50:14.837306+00:00 DEBUG 'ansible_navigator.main' Prior to rollback: config = './ansible.cfg' (str/Settings file)
2023-08-22T06:50:14.837320+00:00 DEBUG 'ansible_navigator.main' Prior to rollback: container_engine = 'docker' (str/Automatically determined)
2023-08-22T06:50:14.837335+00:00 DEBUG 'ansible_navigator.main' Prior to rollback: container_options = 'Not set' (Constants/Not set)
2023-08-22T06:50:14.837349+00:00 DEBUG 'ansible_navigator.main' Prior to rollback: display_color = 'True' (bool/Settings file)
2023-08-22T06:50:14.837364+00:00 DEBUG 'ansible_navigator.main' Prior to rollback: editor_command = 'vi +{line_number} {filename}' (str/Defaults)
2023-08-22T06:50:14.837378+00:00 DEBUG 'ansible_navigator.main' Prior to rollback: editor_console = 'True' (bool/Defaults)
2023-08-22T06:50:14.837393+00:00 DEBUG 'ansible_navigator.main' Prior to rollback: enable_prompts = 'False' (bool/Defaults)
2023-08-22T06:50:14.837407+00:00 DEBUG 'ansible_navigator.main' Prior to rollback: exec_command = '/bin/bash' (str/Defaults)
2023-08-22T06:50:14.837422+00:00 DEBUG 'ansible_navigator.main' Prior to rollback: exec_shell = 'True' (bool/Defaults)
2023-08-22T06:50:14.837436+00:00 DEBUG 'ansible_navigator.main' Prior to rollback: execution_environment = 'True' (bool/Settings file)
2023-08-22T06:50:14.837451+00:00 DEBUG 'ansible_navigator.main' Prior to rollback: execution_environment_image = 'quay.io/ansible/creator-ee:latest' (str/Settings file)
2023-08-22T06:50:14.837469+00:00 DEBUG 'ansible_navigator.main' Prior to rollback: execution_environment_volume_mounts = 'Not set' (Constants/Not set)
2023-08-22T06:50:14.837484+00:00 DEBUG 'ansible_navigator.main' Prior to rollback: format = 'yaml' (str/Defaults)
2023-08-22T06:50:14.837499+00:00 DEBUG 'ansible_navigator.main' Prior to rollback: help_builder = 'False' (bool/Defaults)
2023-08-22T06:50:14.837513+00:00 DEBUG 'ansible_navigator.main' Prior to rollback: help_config = 'False' (bool/Defaults)
2023-08-22T06:50:14.837528+00:00 DEBUG 'ansible_navigator.main' Prior to rollback: help_doc = 'False' (bool/Defaults)
2023-08-22T06:50:14.837542+00:00 DEBUG 'ansible_navigator.main' Prior to rollback: help_inventory = 'False' (bool/Defaults)
2023-08-22T06:50:14.837557+00:00 DEBUG 'ansible_navigator.main' Prior to rollback: help_playbook = 'False' (bool/Defaults)
2023-08-22T06:50:14.837571+00:00 DEBUG 'ansible_navigator.main' Prior to rollback: images_details = '['everything']' (list/Defaults)
2023-08-22T06:50:14.837586+00:00 DEBUG 'ansible_navigator.main' Prior to rollback: inventory = '['/home/ansible/tools/ansible/ansible-standard/inventories/hosts']' (list/Ansible configuration file)
2023-08-22T06:50:14.837600+00:00 DEBUG 'ansible_navigator.main' Prior to rollback: inventory_column = 'Not set' (Constants/Not set)
2023-08-22T06:50:14.837616+00:00 DEBUG 'ansible_navigator.main' Prior to rollback: lint_config = 'Not set' (Constants/Not set)
2023-08-22T06:50:14.837633+00:00 DEBUG 'ansible_navigator.main' Prior to rollback: lintables = 'Not set' (Constants/Not set)
2023-08-22T06:50:14.837650+00:00 DEBUG 'ansible_navigator.main' Prior to rollback: log_append = 'False' (bool/Settings file)
2023-08-22T06:50:14.837668+00:00 DEBUG 'ansible_navigator.main' Prior to rollback: log_file = '/home/ansible/tools/ansible/ansible-standard/log/ansible-navigator-log.txt' (str/Settings file)
2023-08-22T06:50:14.837683+00:00 DEBUG 'ansible_navigator.main' Prior to rollback: log_level = 'critical' (str/Settings file)
2023-08-22T06:50:14.837697+00:00 DEBUG 'ansible_navigator.main' Prior to rollback: mode = 'interactive' (str/Defaults)
2023-08-22T06:50:14.837712+00:00 DEBUG 'ansible_navigator.main' Prior to rollback: osc4 = 'True' (bool/Settings file)
2023-08-22T06:50:14.837726+00:00 DEBUG 'ansible_navigator.main' Prior to rollback: pass_environment_variable = 'Not set' (Constants/Not set)
2023-08-22T06:50:14.837741+00:00 DEBUG 'ansible_navigator.main' Prior to rollback: playbook = '/home/ansible/tools/ansible/ansible-standard/p_configure_linux.yml' (str/Command line)
2023-08-22T06:50:14.837755+00:00 DEBUG 'ansible_navigator.main' Prior to rollback: playbook_artifact_enable = 'True' (bool/Defaults)
2023-08-22T06:50:14.837770+00:00 DEBUG 'ansible_navigator.main' Prior to rollback: playbook_artifact_replay = 'Not set' (Constants/Not set)
2023-08-22T06:50:14.837785+00:00 DEBUG 'ansible_navigator.main' Prior to rollback: playbook_artifact_save_as = './playbook-artifacts/{playbook_name}-artifact-{ts_utc}.json' (str/Settings file)
2023-08-22T06:50:14.837799+00:00 DEBUG 'ansible_navigator.main' Prior to rollback: plugin_name = 'Not set' (Constants/Not set)
2023-08-22T06:50:14.837814+00:00 DEBUG 'ansible_navigator.main' Prior to rollback: plugin_type = 'module' (str/Defaults)
2023-08-22T06:50:14.837828+00:00 DEBUG 'ansible_navigator.main' Prior to rollback: pull_arguments = 'Not set' (Constants/Not set)
2023-08-22T06:50:14.837843+00:00 DEBUG 'ansible_navigator.main' Prior to rollback: pull_policy = 'tag' (str/Defaults)
2023-08-22T06:50:14.837857+00:00 DEBUG 'ansible_navigator.main' Prior to rollback: set_environment_variable = 'Not set' (Constants/Not set)
2023-08-22T06:50:14.837872+00:00 DEBUG 'ansible_navigator.main' Prior to rollback: settings_effective = 'False' (bool/Defaults)
2023-08-22T06:50:14.837886+00:00 DEBUG 'ansible_navigator.main' Prior to rollback: settings_sample = 'False' (bool/Defaults)
2023-08-22T06:50:14.837900+00:00 DEBUG 'ansible_navigator.main' Prior to rollback: settings_schema = 'json' (str/Defaults)
2023-08-22T06:50:14.837919+00:00 DEBUG 'ansible_navigator.main' Prior to rollback: settings_sources = 'False' (bool/Defaults)
2023-08-22T06:50:14.837934+00:00 DEBUG 'ansible_navigator.main' Prior to rollback: time_zone = 'UTC' (str/Defaults)
2023-08-22T06:50:14.837949+00:00 DEBUG 'ansible_navigator.main' Prior to rollback: workdir = '/home/ansible/tools/ansible/ansible-standard' (str/Defaults)
2023-08-22T06:50:14.837964+00:00 DEBUG 'ansible_navigator.main' After rollback: ansible_runner_artifact_dir = 'Not set' (Constants/Not set)
2023-08-22T06:50:14.837978+00:00 DEBUG 'ansible_navigator.main' After rollback: ansible_runner_rotate_artifacts_count = 'Not set' (Constants/Not set)
2023-08-22T06:50:14.837992+00:00 DEBUG 'ansible_navigator.main' After rollback: ansible_runner_timeout = 'Not set' (Constants/Not set)
2023-08-22T06:50:14.838007+00:00 DEBUG 'ansible_navigator.main' After rollback: ansible_runner_write_job_events = 'Not set' (Constants/Not set)
2023-08-22T06:50:14.838021+00:00 DEBUG 'ansible_navigator.main' After rollback: app = 'Not set' (Constants/Not set)
2023-08-22T06:50:14.838035+00:00 DEBUG 'ansible_navigator.main' After rollback: cmdline = 'Not set' (Constants/Not set)
2023-08-22T06:50:14.838050+00:00 DEBUG 'ansible_navigator.main' After rollback: collection_doc_cache_path = 'Not set' (Constants/Not set)
2023-08-22T06:50:14.838064+00:00 DEBUG 'ansible_navigator.main' After rollback: config = 'Not set' (Constants/Not set)
2023-08-22T06:50:14.838079+00:00 DEBUG 'ansible_navigator.main' After rollback: container_engine = 'Not set' (Constants/Not set)
2023-08-22T06:50:14.838094+00:00 DEBUG 'ansible_navigator.main' After rollback: container_options = 'Not set' (Constants/Not set)
2023-08-22T06:50:14.838108+00:00 DEBUG 'ansible_navigator.main' After rollback: display_color = 'Not set' (Constants/Not set)
2023-08-22T06:50:14.838123+00:00 DEBUG 'ansible_navigator.main' After rollback: editor_command = 'Not set' (Constants/Not set)
2023-08-22T06:50:14.838137+00:00 DEBUG 'ansible_navigator.main' After rollback: editor_console = 'Not set' (Constants/Not set)
2023-08-22T06:50:14.838152+00:00 DEBUG 'ansible_navigator.main' After rollback: enable_prompts = 'Not set' (Constants/Not set)
2023-08-22T06:50:14.838168+00:00 DEBUG 'ansible_navigator.main' After rollback: exec_command = 'Not set' (Constants/Not set)
2023-08-22T06:50:14.838184+00:00 DEBUG 'ansible_navigator.main' After rollback: exec_shell = 'Not set' (Constants/Not set)
2023-08-22T06:50:14.838199+00:00 DEBUG 'ansible_navigator.main' After rollback: execution_environment = 'Not set' (Constants/Not set)
2023-08-22T06:50:14.838214+00:00 DEBUG 'ansible_navigator.main' After rollback: execution_environment_image = 'Not set' (Constants/Not set)
2023-08-22T06:50:14.838228+00:00 DEBUG 'ansible_navigator.main' After rollback: execution_environment_volume_mounts = 'Not set' (Constants/Not set)
2023-08-22T06:50:14.838243+00:00 DEBUG 'ansible_navigator.main' After rollback: format = 'Not set' (Constants/Not set)
2023-08-22T06:50:14.838257+00:00 DEBUG 'ansible_navigator.main' After rollback: help_builder = 'Not set' (Constants/Not set)
2023-08-22T06:50:14.838272+00:00 DEBUG 'ansible_navigator.main' After rollback: help_config = 'Not set' (Constants/Not set)
2023-08-22T06:50:14.838286+00:00 DEBUG 'ansible_navigator.main' After rollback: help_doc = 'Not set' (Constants/Not set)
2023-08-22T06:50:14.838301+00:00 DEBUG 'ansible_navigator.main' After rollback: help_inventory = 'Not set' (Constants/Not set)
2023-08-22T06:50:14.838315+00:00 DEBUG 'ansible_navigator.main' After rollback: help_playbook = 'Not set' (Constants/Not set)
2023-08-22T06:50:14.838330+00:00 DEBUG 'ansible_navigator.main' After rollback: images_details = 'Not set' (Constants/Not set)
2023-08-22T06:50:14.838344+00:00 DEBUG 'ansible_navigator.main' After rollback: inventory = 'Not set' (Constants/Not set)
2023-08-22T06:50:14.838359+00:00 DEBUG 'ansible_navigator.main' After rollback: inventory_column = 'Not set' (Constants/Not set)
2023-08-22T06:50:14.838373+00:00 DEBUG 'ansible_navigator.main' After rollback: lint_config = 'Not set' (Constants/Not set)
2023-08-22T06:50:14.838391+00:00 DEBUG 'ansible_navigator.main' After rollback: lintables = 'Not set' (Constants/Not set)
2023-08-22T06:50:14.838405+00:00 DEBUG 'ansible_navigator.main' After rollback: log_append = 'Not set' (Constants/Not set)
2023-08-22T06:50:14.838420+00:00 DEBUG 'ansible_navigator.main' After rollback: log_file = 'Not set' (Constants/Not set)
2023-08-22T06:50:14.838434+00:00 DEBUG 'ansible_navigator.main' After rollback: log_level = 'Not set' (Constants/Not set)
2023-08-22T06:50:14.838449+00:00 DEBUG 'ansible_navigator.main' After rollback: mode = 'Not set' (Constants/Not set)
2023-08-22T06:50:14.838463+00:00 DEBUG 'ansible_navigator.main' After rollback: osc4 = 'Not set' (Constants/Not set)
2023-08-22T06:50:14.838478+00:00 DEBUG 'ansible_navigator.main' After rollback: pass_environment_variable = 'Not set' (Constants/Not set)
2023-08-22T06:50:14.838492+00:00 DEBUG 'ansible_navigator.main' After rollback: playbook = 'Not set' (Constants/Not set)
2023-08-22T06:50:14.838507+00:00 DEBUG 'ansible_navigator.main' After rollback: playbook_artifact_enable = 'Not set' (Constants/Not set)
2023-08-22T06:50:14.838521+00:00 DEBUG 'ansible_navigator.main' After rollback: playbook_artifact_replay = 'Not set' (Constants/Not set)
2023-08-22T06:50:14.838536+00:00 DEBUG 'ansible_navigator.main' After rollback: playbook_artifact_save_as = 'Not set' (Constants/Not set)
2023-08-22T06:50:14.838550+00:00 DEBUG 'ansible_navigator.main' After rollback: plugin_name = 'Not set' (Constants/Not set)
2023-08-22T06:50:14.838565+00:00 DEBUG 'ansible_navigator.main' After rollback: plugin_type = 'Not set' (Constants/Not set)
2023-08-22T06:50:14.838579+00:00 DEBUG 'ansible_navigator.main' After rollback: pull_arguments = 'Not set' (Constants/Not set)
2023-08-22T06:50:14.838594+00:00 DEBUG 'ansible_navigator.main' After rollback: pull_policy = 'Not set' (Constants/Not set)
2023-08-22T06:50:14.838610+00:00 DEBUG 'ansible_navigator.main' After rollback: set_environment_variable = 'Not set' (Constants/Not set)
2023-08-22T06:50:14.838626+00:00 DEBUG 'ansible_navigator.main' After rollback: settings_effective = 'Not set' (Constants/Not set)
2023-08-22T06:50:14.838643+00:00 DEBUG 'ansible_navigator.main' After rollback: settings_sample = 'Not set' (Constants/Not set)
2023-08-22T06:50:14.838659+00:00 DEBUG 'ansible_navigator.main' After rollback: settings_schema = 'Not set' (Constants/Not set)
2023-08-22T06:50:14.838674+00:00 DEBUG 'ansible_navigator.main' After rollback: settings_sources = 'Not set' (Constants/Not set)
2023-08-22T06:50:14.838691+00:00 DEBUG 'ansible_navigator.main' After rollback: time_zone = 'Not set' (Constants/Not set)
2023-08-22T06:50:14.838708+00:00 DEBUG 'ansible_navigator.main' After rollback: workdir = 'Not set' (Constants/Not set)
2023-08-22T06:50:14.838723+00:00 DEBUG 'ansible_navigator.main' Configuration rollback complete.
2023-08-22T06:50:14.838738+00:00 DEBUG 'ansible_navigator.main' Collection doc cache not mounted
2023-08-22T06:50:14.838757+00:00 WARNING 'ansible_navigator.main' Issues were found while applying the settings.
2023-08-22T06:50:14.838774+00:00 INFO 'ansible_navigator.main' Command provided: 'run p_configure_linux.yml'
2023-08-22T06:50:14.838793+00:00 ERROR 'ansible_navigator.main' The playbook artifact file name './playbook-artifacts/{playbook_name}-artifact-{ts_utc}.json', set by settings file, has unrecognized variables: 'ts_utc'
2023-08-22T06:50:14.838811+00:00 INFO 'ansible_navigator.main' Try again with only 'playbook_status', 'playbook_dir', 'time_stamp' and/or 'playbook_name'
2023-08-22T06:50:14.838828+00:00 INFO 'ansible_navigator.main' Configuration failed, using default log file location. (/home/ansible/tools/ansible/ansible-standard/ansible-navigator.log) Log level set to debug
2023-08-22T06:50:14.838845+00:00 INFO 'ansible_navigator.main' Review the hints and log file to see what went wrong.
